<?xml version="1.0" encoding="UTF-8"?>
<!-- Generated by org.testng.reporters.JUnitXMLReporter -->
<testsuite hostname="HPaf008ax" ignored="2" name="Test1" tests="1" failures="1" timestamp="2020-10-22T18:20:29 IST" time="99.671" errors="0">
  <testcase name="verifyTitle" time="49.881" classname="com.guru99.testCases.tc_01_LoginTest">
    <failure type="java.lang.AssertionError" message="Test Failed expected [true] but found [false]">
      <![CDATA[java.lang.AssertionError: Test Failed expected [true] but found [false]
at com.guru99.testCases.tc_01_LoginTest.verifyTitle(tc_01_LoginTest.java:57)
at java.util.ArrayList.forEach(ArrayList.java:1259)
at java.util.concurrent.FutureTask.run(FutureTask.java:266)
at java.util.concurrent.ThreadPoolExecutor.runWorker(ThreadPoolExecutor.java:1149)
at java.util.concurrent.ThreadPoolExecutor$Worker.run(ThreadPoolExecutor.java:624)
at java.lang.Thread.run(Thread.java:748)
... Removed 21 stack frames]]>
    </failure>
  </testcase> <!-- verifyTitle -->
  <testcase name="invalidLoginTest" time="0.0" classname="com.guru99.testCases.tc_01_LoginTest">
    <ignored/>
  </testcase> <!-- invalidLoginTest -->
  <testcase name="validLoginTest" time="0.0" classname="com.guru99.testCases.tc_01_LoginTest">
    <ignored/>
  </testcase> <!-- validLoginTest -->
</testsuite> <!-- Test1 -->
